<?xml version="1.0" encoding="UTF-8"?>
<testsuite xmlns:xsi="http://www.w3.org/2001/XMLSchema-instance" xsi:noNamespaceSchemaLocation="https://maven.apache.org/surefire/maven-surefire-plugin/xsd/surefire-test-report-3.0.xsd" version="3.0" name="com.mycompany.carro.CarroTest" time="0.065" tests="9" errors="0" skipped="0" failures="0">
  <properties>
[...]
</properties>
  <testcase name="testPortaStatus" classname="com.mycompany.carro.CarroTest" time="0.026">
    <system-out><![CDATA[true
]]></system-out>
  </testcase>
  <testcase name="testFarolStatus" classname="com.mycompany.carro.CarroTest" time="0.001">
    <system-out><![CDATA[true
]]></system-out>
  </testcase>
  <testcase name="testCarroModelo" classname="com.mycompany.carro.CarroTest" time="0.001">
    <system-out><![CDATA[Tesla
]]></system-out>
  </testcase>
  <testcase name="testMotorPotencia" classname="com.mycompany.carro.CarroTest" time="0.003">
    <system-out><![CDATA[1020
]]></system-out>
  </testcase>
  <testcase name="testCarroMarca" classname="com.mycompany.carro.CarroTest" time="0.003">
    <system-out><![CDATA[Model S Plaid
]]></system-out>
  </testcase>
  <testcase name="testSEBateria" classname="com.mycompany.carro.CarroTest" time="0.002">
    <system-out><![CDATA[Lítio
]]></system-out>
  </testcase>
  <testcase name="testTCCombustivel" classname="com.mycompany.carro.CarroTest" time="0.001">
    <system-out><![CDATA[Elétrico
]]></system-out>
  </testcase>
  <testcase name="testPneuMarca" classname="com.mycompany.carro.CarroTest" time="0.001">
    <system-out><![CDATA[Michelin
]]></system-out>
  </testcase>
  <testcase name="testBancoAquecimento" classname="com.mycompany.carro.CarroTest" time="0.001">
    <system-out><![CDATA[true
]]></system-out>
  </testcase>
</testsuite>